Terminals which are not used

   T_mod


Grammar

    0 $accept: Main $end

    1 Main: Procedure

    2 Procedure: T_proc T_identifier T_openParen ParamList T_closeParen T_return Type T_openCurly BodyProc T_closeCurly Procedure
    3          | /* empty */

    4 Type: T_bool_type
    5     | T_int_type
    6     | T_intptr_type
    7     | T_charptr_type
    8     | T_char_type
    9     | T_string_type T_openBracket Num T_closeBracket

   10 ParamList: T_identifier ParamListSameType T_col Type ParamListNewType
   11          | /* empty */

   12 ParamListSameType: T_comma T_identifier ParamListSameType
   13                  | /* empty */

   14 ParamListNewType: T_semiCol ParamList
   15                 | ParamList

   16 Params: Expr ParamsMore
   17       | /* empty */

   18 ParamsMore: T_comma Expr ParamsMore
   19           | /* empty */

   20 BodyProc: Procedure BodyVar BodyState Return

   21 Return: T_return Expr T_semiCol

   22 BodyVar: T_var T_identifier BodyVarSameType T_col Type T_semiCol BodyVar
   23        | /* empty */

   24 BodyVarSameType: T_comma T_identifier BodyVarSameType
   25                | /* empty */

   26 BodyState: Lhs T_assign Expr T_semiCol BodyState
   27          | Lhs T_assign T_string T_semiCol BodyState
   28          | T_openCurly BodyVar BodyState T_closeCurly BodyState
   29          | T_if T_openParen Expr T_closeParen T_openCurly BodyVar BodyState T_closeCurly BodyState
   30          | T_if T_openParen Expr T_closeParen T_openCurly BodyVar BodyState T_closeCurly T_else T_openCurly BodyVar BodyState T_closeCurly BodyState
   31          | T_while T_openParen Expr T_closeParen T_openCurly BodyVar BodyState T_closeCurly BodyState
   32          | Lhs T_assign T_identifier T_openParen Params T_closeParen T_semiCol BodyState
   33          | /* empty */

   34 Lhs: T_identifier
   35    | T_identifier T_openBracket Expr T_closeBracket
   36    | T_deRef T_identifier

   37 Expr: T_pipe Expr T_pipe
   38     | Expr T_less Expr
   39     | Expr T_lessOrEq Expr
   40     | Expr T_great Expr
   41     | Expr T_greatOrEq Expr
   42     | Expr T_isEq Expr
   43     | Expr T_notEq Expr
   44     | Expr T_and Expr
   45     | Expr T_or Expr
   46     | Expr T_times Expr
   47     | Expr T_divide Expr
   48     | Expr T_plus Expr
   49     | Expr T_minus Expr
   50     | T_openParen Expr T_closeParen
   51     | T_not Expr
   52     | T_minus Expr
   53     | T_plus Expr
   54     | T_addr Lhs
   55     | T_deRef Expr
   56     | T_identifier
   57     | T_identifier T_openBracket Expr T_closeBracket
   58     | Num
   59     | T_true
   60     | T_false
   61     | T_char
   62     | T_null

   63 Num: T_num_dec
   64    | T_num_oct
   65    | T_num_bin
   66    | T_num_hex


Terminals, with rules where they appear

$end (0) 0
error (256)
T_comma (258) 12 18 24
T_assign (259) 26 27 32
T_or (260) 45
T_and (261) 44
T_isEq (262) 42
T_notEq (263) 43
T_less (264) 38
T_lessOrEq (265) 39
T_great (266) 40
T_greatOrEq (267) 41
T_minus (268) 49 52
T_plus (269) 48 53
T_mod (270)
T_divide (271) 47
T_times (272) 46
T_not (273) 51
T_deRef (274) 36 55
T_addr (275) 54
T_openCurly (276) 2 28 29 30 31
T_closeCurly (277) 2 28 29 30 31
T_openBracket (278) 9 35 57
T_closeBracket (279) 9 35 57
T_openParen (280) 2 29 30 31 32 50
T_closeParen (281) 2 29 30 31 32 50
T_true (282) 59
T_false (283) 60
T_string (284) 27
T_char (285) 61
T_num_oct (286) 64
T_num_bin (287) 65
T_num_hex (288) 66
T_num_dec (289) 63
T_null (290) 62
T_if (291) 29 30
T_else (292) 30
T_while (293) 31
T_bool_type (294) 4
T_char_type (295) 8
T_int_type (296) 5
T_string_type (297) 9
T_intptr_type (298) 6
T_charptr_type (299) 7
T_proc (300) 2
T_return (301) 2 21
T_var (302) 22
T_identifier (303) 2 10 12 22 24 32 34 35 36 56 57
T_col (304) 10 22
T_semiCol (305) 14 21 22 26 27 32
T_pipe (306) 37


Nonterminals, with rules where they appear

$accept (52)
    on left: 0
Main (53)
    on left: 1, on right: 0
Procedure (54)
    on left: 2 3, on right: 1 2 20
Type (55)
    on left: 4 5 6 7 8 9, on right: 2 10 22
ParamList (56)
    on left: 10 11, on right: 2 14 15
ParamListSameType (57)
    on left: 12 13, on right: 10 12
ParamListNewType (58)
    on left: 14 15, on right: 10
Params (59)
    on left: 16 17, on right: 32
ParamsMore (60)
    on left: 18 19, on right: 16 18
BodyProc (61)
    on left: 20, on right: 2
Return (62)
    on left: 21, on right: 20
BodyVar (63)
    on left: 22 23, on right: 20 22 28 29 30 31
BodyVarSameType (64)
    on left: 24 25, on right: 22 24
BodyState (65)
    on left: 26 27 28 29 30 31 32 33, on right: 20 26 27 28 29 30 31
    32
Lhs (66)
    on left: 34 35 36, on right: 26 27 32 54
Expr (67)
    on left: 37 38 39 40 41 42 43 44 45 46 47 48 49 50 51 52 53 54
    55 56 57 58 59 60 61 62, on right: 16 18 21 26 29 30 31 35 37 38
    39 40 41 42 43 44 45 46 47 48 49 50 51 52 53 55 57
Num (68)
    on left: 63 64 65 66, on right: 9 58


state 0

    0 $accept: . Main $end

    T_proc  shift, and go to state 1

    $default  reduce using rule 3 (Procedure)

    Main       go to state 2
    Procedure  go to state 3


state 1

    2 Procedure: T_proc . T_identifier T_openParen ParamList T_closeParen T_return Type T_openCurly BodyProc T_closeCurly Procedure

    T_identifier  shift, and go to state 4


state 2

    0 $accept: Main . $end

    $end  shift, and go to state 5


state 3

    1 Main: Procedure .

    $default  reduce using rule 1 (Main)


state 4

    2 Procedure: T_proc T_identifier . T_openParen ParamList T_closeParen T_return Type T_openCurly BodyProc T_closeCurly Procedure

    T_openParen  shift, and go to state 6


state 5

    0 $accept: Main $end .

    $default  accept


state 6

    2 Procedure: T_proc T_identifier T_openParen . ParamList T_closeParen T_return Type T_openCurly BodyProc T_closeCurly Procedure

    T_identifier  shift, and go to state 7

    $default  reduce using rule 11 (ParamList)

    ParamList  go to state 8


state 7

   10 ParamList: T_identifier . ParamListSameType T_col Type ParamListNewType

    T_comma  shift, and go to state 9

    $default  reduce using rule 13 (ParamListSameType)

    ParamListSameType  go to state 10


state 8

    2 Procedure: T_proc T_identifier T_openParen ParamList . T_closeParen T_return Type T_openCurly BodyProc T_closeCurly Procedure

    T_closeParen  shift, and go to state 11


state 9

   12 ParamListSameType: T_comma . T_identifier ParamListSameType

    T_identifier  shift, and go to state 12


state 10

   10 ParamList: T_identifier ParamListSameType . T_col Type ParamListNewType

    T_col  shift, and go to state 13


state 11

    2 Procedure: T_proc T_identifier T_openParen ParamList T_closeParen . T_return Type T_openCurly BodyProc T_closeCurly Procedure

    T_return  shift, and go to state 14


state 12

   12 ParamListSameType: T_comma T_identifier . ParamListSameType

    T_comma  shift, and go to state 9

    $default  reduce using rule 13 (ParamListSameType)

    ParamListSameType  go to state 15


state 13

   10 ParamList: T_identifier ParamListSameType T_col . Type ParamListNewType

    T_bool_type     shift, and go to state 16
    T_char_type     shift, and go to state 17
    T_int_type      shift, and go to state 18
    T_string_type   shift, and go to state 19
    T_intptr_type   shift, and go to state 20
    T_charptr_type  shift, and go to state 21

    Type  go to state 22


state 14

    2 Procedure: T_proc T_identifier T_openParen ParamList T_closeParen T_return . Type T_openCurly BodyProc T_closeCurly Procedure

    T_bool_type     shift, and go to state 16
    T_char_type     shift, and go to state 17
    T_int_type      shift, and go to state 18
    T_string_type   shift, and go to state 19
    T_intptr_type   shift, and go to state 20
    T_charptr_type  shift, and go to state 21

    Type  go to state 23


state 15

   12 ParamListSameType: T_comma T_identifier ParamListSameType .

    $default  reduce using rule 12 (ParamListSameType)


state 16

    4 Type: T_bool_type .

    $default  reduce using rule 4 (Type)


state 17

    8 Type: T_char_type .

    $default  reduce using rule 8 (Type)


state 18

    5 Type: T_int_type .

    $default  reduce using rule 5 (Type)


state 19

    9 Type: T_string_type . T_openBracket Num T_closeBracket

    T_openBracket  shift, and go to state 24


state 20

    6 Type: T_intptr_type .

    $default  reduce using rule 6 (Type)


state 21

    7 Type: T_charptr_type .

    $default  reduce using rule 7 (Type)


state 22

   10 ParamList: T_identifier ParamListSameType T_col Type . ParamListNewType

    T_identifier  shift, and go to state 7
    T_semiCol     shift, and go to state 25

    $default  reduce using rule 11 (ParamList)

    ParamList         go to state 26
    ParamListNewType  go to state 27


state 23

    2 Procedure: T_proc T_identifier T_openParen ParamList T_closeParen T_return Type . T_openCurly BodyProc T_closeCurly Procedure

    T_openCurly  shift, and go to state 28


state 24

    9 Type: T_string_type T_openBracket . Num T_closeBracket

    T_num_oct  shift, and go to state 29
    T_num_bin  shift, and go to state 30
    T_num_hex  shift, and go to state 31
    T_num_dec  shift, and go to state 32

    Num  go to state 33


state 25

   14 ParamListNewType: T_semiCol . ParamList

    T_identifier  shift, and go to state 7

    $default  reduce using rule 11 (ParamList)

    ParamList  go to state 34


state 26

   15 ParamListNewType: ParamList .

    $default  reduce using rule 15 (ParamListNewType)


state 27

   10 ParamList: T_identifier ParamListSameType T_col Type ParamListNewType .

    $default  reduce using rule 10 (ParamList)


state 28

    2 Procedure: T_proc T_identifier T_openParen ParamList T_closeParen T_return Type T_openCurly . BodyProc T_closeCurly Procedure

    T_proc  shift, and go to state 1

    $default  reduce using rule 3 (Procedure)

    Procedure  go to state 35
    BodyProc   go to state 36


state 29

   64 Num: T_num_oct .

    $default  reduce using rule 64 (Num)


state 30

   65 Num: T_num_bin .

    $default  reduce using rule 65 (Num)


state 31

   66 Num: T_num_hex .

    $default  reduce using rule 66 (Num)


state 32

   63 Num: T_num_dec .

    $default  reduce using rule 63 (Num)


state 33

    9 Type: T_string_type T_openBracket Num . T_closeBracket

    T_closeBracket  shift, and go to state 37


state 34

   14 ParamListNewType: T_semiCol ParamList .

    $default  reduce using rule 14 (ParamListNewType)


state 35

   20 BodyProc: Procedure . BodyVar BodyState Return

    T_var  shift, and go to state 38

    $default  reduce using rule 23 (BodyVar)

    BodyVar  go to state 39


state 36

    2 Procedure: T_proc T_identifier T_openParen ParamList T_closeParen T_return Type T_openCurly BodyProc . T_closeCurly Procedure

    T_closeCurly  shift, and go to state 40


state 37

    9 Type: T_string_type T_openBracket Num T_closeBracket .

    $default  reduce using rule 9 (Type)


state 38

   22 BodyVar: T_var . T_identifier BodyVarSameType T_col Type T_semiCol BodyVar

    T_identifier  shift, and go to state 41


state 39

   20 BodyProc: Procedure BodyVar . BodyState Return

    T_deRef       shift, and go to state 42
    T_openCurly   shift, and go to state 43
    T_if          shift, and go to state 44
    T_while       shift, and go to state 45
    T_identifier  shift, and go to state 46

    $default  reduce using rule 33 (BodyState)

    BodyState  go to state 47
    Lhs        go to state 48


state 40

    2 Procedure: T_proc T_identifier T_openParen ParamList T_closeParen T_return Type T_openCurly BodyProc T_closeCurly . Procedure

    T_proc  shift, and go to state 1

    $default  reduce using rule 3 (Procedure)

    Procedure  go to state 49


state 41

   22 BodyVar: T_var T_identifier . BodyVarSameType T_col Type T_semiCol BodyVar

    T_comma  shift, and go to state 50

    $default  reduce using rule 25 (BodyVarSameType)

    BodyVarSameType  go to state 51


state 42

   36 Lhs: T_deRef . T_identifier

    T_identifier  shift, and go to state 52


state 43

   28 BodyState: T_openCurly . BodyVar BodyState T_closeCurly BodyState

    T_var  shift, and go to state 38

    $default  reduce using rule 23 (BodyVar)

    BodyVar  go to state 53


state 44

   29 BodyState: T_if . T_openParen Expr T_closeParen T_openCurly BodyVar BodyState T_closeCurly BodyState
   30          | T_if . T_openParen Expr T_closeParen T_openCurly BodyVar BodyState T_closeCurly T_else T_openCurly BodyVar BodyState T_closeCurly BodyState

    T_openParen  shift, and go to state 54


state 45

   31 BodyState: T_while . T_openParen Expr T_closeParen T_openCurly BodyVar BodyState T_closeCurly BodyState

    T_openParen  shift, and go to state 55


state 46

   34 Lhs: T_identifier .
   35    | T_identifier . T_openBracket Expr T_closeBracket

    T_openBracket  shift, and go to state 56

    $default  reduce using rule 34 (Lhs)


state 47

   20 BodyProc: Procedure BodyVar BodyState . Return

    T_return  shift, and go to state 57

    Return  go to state 58


state 48

   26 BodyState: Lhs . T_assign Expr T_semiCol BodyState
   27          | Lhs . T_assign T_string T_semiCol BodyState
   32          | Lhs . T_assign T_identifier T_openParen Params T_closeParen T_semiCol BodyState

    T_assign  shift, and go to state 59


state 49

    2 Procedure: T_proc T_identifier T_openParen ParamList T_closeParen T_return Type T_openCurly BodyProc T_closeCurly Procedure .

    $default  reduce using rule 2 (Procedure)


state 50

   24 BodyVarSameType: T_comma . T_identifier BodyVarSameType

    T_identifier  shift, and go to state 60


state 51

   22 BodyVar: T_var T_identifier BodyVarSameType . T_col Type T_semiCol BodyVar

    T_col  shift, and go to state 61


state 52

   36 Lhs: T_deRef T_identifier .

    $default  reduce using rule 36 (Lhs)


state 53

   28 BodyState: T_openCurly BodyVar . BodyState T_closeCurly BodyState

    T_deRef       shift, and go to state 42
    T_openCurly   shift, and go to state 43
    T_if          shift, and go to state 44
    T_while       shift, and go to state 45
    T_identifier  shift, and go to state 46

    $default  reduce using rule 33 (BodyState)

    BodyState  go to state 62
    Lhs        go to state 48


state 54

   29 BodyState: T_if T_openParen . Expr T_closeParen T_openCurly BodyVar BodyState T_closeCurly BodyState
   30          | T_if T_openParen . Expr T_closeParen T_openCurly BodyVar BodyState T_closeCurly T_else T_openCurly BodyVar BodyState T_closeCurly BodyState

    T_minus       shift, and go to state 63
    T_plus        shift, and go to state 64
    T_not         shift, and go to state 65
    T_deRef       shift, and go to state 66
    T_addr        shift, and go to state 67
    T_openParen   shift, and go to state 68
    T_true        shift, and go to state 69
    T_false       shift, and go to state 70
    T_char        shift, and go to state 71
    T_num_oct     shift, and go to state 29
    T_num_bin     shift, and go to state 30
    T_num_hex     shift, and go to state 31
    T_num_dec     shift, and go to state 32
    T_null        shift, and go to state 72
    T_identifier  shift, and go to state 73
    T_pipe        shift, and go to state 74

    Expr  go to state 75
    Num   go to state 76


state 55

   31 BodyState: T_while T_openParen . Expr T_closeParen T_openCurly BodyVar BodyState T_closeCurly BodyState

    T_minus       shift, and go to state 63
    T_plus        shift, and go to state 64
    T_not         shift, and go to state 65
    T_deRef       shift, and go to state 66
    T_addr        shift, and go to state 67
    T_openParen   shift, and go to state 68
    T_true        shift, and go to state 69
    T_false       shift, and go to state 70
    T_char        shift, and go to state 71
    T_num_oct     shift, and go to state 29
    T_num_bin     shift, and go to state 30
    T_num_hex     shift, and go to state 31
    T_num_dec     shift, and go to state 32
    T_null        shift, and go to state 72
    T_identifier  shift, and go to state 73
    T_pipe        shift, and go to state 74

    Expr  go to state 77
    Num   go to state 76


state 56

   35 Lhs: T_identifier T_openBracket . Expr T_closeBracket

    T_minus       shift, and go to state 63
    T_plus        shift, and go to state 64
    T_not         shift, and go to state 65
    T_deRef       shift, and go to state 66
    T_addr        shift, and go to state 67
    T_openParen   shift, and go to state 68
    T_true        shift, and go to state 69
    T_false       shift, and go to state 70
    T_char        shift, and go to state 71
    T_num_oct     shift, and go to state 29
    T_num_bin     shift, and go to state 30
    T_num_hex     shift, and go to state 31
    T_num_dec     shift, and go to state 32
    T_null        shift, and go to state 72
    T_identifier  shift, and go to state 73
    T_pipe        shift, and go to state 74

    Expr  go to state 78
    Num   go to state 76


state 57

   21 Return: T_return . Expr T_semiCol

    T_minus       shift, and go to state 63
    T_plus        shift, and go to state 64
    T_not         shift, and go to state 65
    T_deRef       shift, and go to state 66
    T_addr        shift, and go to state 67
    T_openParen   shift, and go to state 68
    T_true        shift, and go to state 69
    T_false       shift, and go to state 70
    T_char        shift, and go to state 71
    T_num_oct     shift, and go to state 29
    T_num_bin     shift, and go to state 30
    T_num_hex     shift, and go to state 31
    T_num_dec     shift, and go to state 32
    T_null        shift, and go to state 72
    T_identifier  shift, and go to state 73
    T_pipe        shift, and go to state 74

    Expr  go to state 79
    Num   go to state 76


state 58

   20 BodyProc: Procedure BodyVar BodyState Return .

    $default  reduce using rule 20 (BodyProc)


state 59

   26 BodyState: Lhs T_assign . Expr T_semiCol BodyState
   27          | Lhs T_assign . T_string T_semiCol BodyState
   32          | Lhs T_assign . T_identifier T_openParen Params T_closeParen T_semiCol BodyState

    T_minus       shift, and go to state 63
    T_plus        shift, and go to state 64
    T_not         shift, and go to state 65
    T_deRef       shift, and go to state 66
    T_addr        shift, and go to state 67
    T_openParen   shift, and go to state 68
    T_true        shift, and go to state 69
    T_false       shift, and go to state 70
    T_string      shift, and go to state 80
    T_char        shift, and go to state 71
    T_num_oct     shift, and go to state 29
    T_num_bin     shift, and go to state 30
    T_num_hex     shift, and go to state 31
    T_num_dec     shift, and go to state 32
    T_null        shift, and go to state 72
    T_identifier  shift, and go to state 81
    T_pipe        shift, and go to state 74

    Expr  go to state 82
    Num   go to state 76


state 60

   24 BodyVarSameType: T_comma T_identifier . BodyVarSameType

    T_comma  shift, and go to state 50

    $default  reduce using rule 25 (BodyVarSameType)

    BodyVarSameType  go to state 83


state 61

   22 BodyVar: T_var T_identifier BodyVarSameType T_col . Type T_semiCol BodyVar

    T_bool_type     shift, and go to state 16
    T_char_type     shift, and go to state 17
    T_int_type      shift, and go to state 18
    T_string_type   shift, and go to state 19
    T_intptr_type   shift, and go to state 20
    T_charptr_type  shift, and go to state 21

    Type  go to state 84


state 62

   28 BodyState: T_openCurly BodyVar BodyState . T_closeCurly BodyState

    T_closeCurly  shift, and go to state 85


state 63

   52 Expr: T_minus . Expr

    T_minus       shift, and go to state 63
    T_plus        shift, and go to state 64
    T_not         shift, and go to state 65
    T_deRef       shift, and go to state 66
    T_addr        shift, and go to state 67
    T_openParen   shift, and go to state 68
    T_true        shift, and go to state 69
    T_false       shift, and go to state 70
    T_char        shift, and go to state 71
    T_num_oct     shift, and go to state 29
    T_num_bin     shift, and go to state 30
    T_num_hex     shift, and go to state 31
    T_num_dec     shift, and go to state 32
    T_null        shift, and go to state 72
    T_identifier  shift, and go to state 73
    T_pipe        shift, and go to state 74

    Expr  go to state 86
    Num   go to state 76


state 64

   53 Expr: T_plus . Expr

    T_minus       shift, and go to state 63
    T_plus        shift, and go to state 64
    T_not         shift, and go to state 65
    T_deRef       shift, and go to state 66
    T_addr        shift, and go to state 67
    T_openParen   shift, and go to state 68
    T_true        shift, and go to state 69
    T_false       shift, and go to state 70
    T_char        shift, and go to state 71
    T_num_oct     shift, and go to state 29
    T_num_bin     shift, and go to state 30
    T_num_hex     shift, and go to state 31
    T_num_dec     shift, and go to state 32
    T_null        shift, and go to state 72
    T_identifier  shift, and go to state 73
    T_pipe        shift, and go to state 74

    Expr  go to state 87
    Num   go to state 76


state 65

   51 Expr: T_not . Expr

    T_minus       shift, and go to state 63
    T_plus        shift, and go to state 64
    T_not         shift, and go to state 65
    T_deRef       shift, and go to state 66
    T_addr        shift, and go to state 67
    T_openParen   shift, and go to state 68
    T_true        shift, and go to state 69
    T_false       shift, and go to state 70
    T_char        shift, and go to state 71
    T_num_oct     shift, and go to state 29
    T_num_bin     shift, and go to state 30
    T_num_hex     shift, and go to state 31
    T_num_dec     shift, and go to state 32
    T_null        shift, and go to state 72
    T_identifier  shift, and go to state 73
    T_pipe        shift, and go to state 74

    Expr  go to state 88
    Num   go to state 76


state 66

   55 Expr: T_deRef . Expr

    T_minus       shift, and go to state 63
    T_plus        shift, and go to state 64
    T_not         shift, and go to state 65
    T_deRef       shift, and go to state 66
    T_addr        shift, and go to state 67
    T_openParen   shift, and go to state 68
    T_true        shift, and go to state 69
    T_false       shift, and go to state 70
    T_char        shift, and go to state 71
    T_num_oct     shift, and go to state 29
    T_num_bin     shift, and go to state 30
    T_num_hex     shift, and go to state 31
    T_num_dec     shift, and go to state 32
    T_null        shift, and go to state 72
    T_identifier  shift, and go to state 73
    T_pipe        shift, and go to state 74

    Expr  go to state 89
    Num   go to state 76


state 67

   54 Expr: T_addr . Lhs

    T_deRef       shift, and go to state 42
    T_identifier  shift, and go to state 46

    Lhs  go to state 90


state 68

   50 Expr: T_openParen . Expr T_closeParen

    T_minus       shift, and go to state 63
    T_plus        shift, and go to state 64
    T_not         shift, and go to state 65
    T_deRef       shift, and go to state 66
    T_addr        shift, and go to state 67
    T_openParen   shift, and go to state 68
    T_true        shift, and go to state 69
    T_false       shift, and go to state 70
    T_char        shift, and go to state 71
    T_num_oct     shift, and go to state 29
    T_num_bin     shift, and go to state 30
    T_num_hex     shift, and go to state 31
    T_num_dec     shift, and go to state 32
    T_null        shift, and go to state 72
    T_identifier  shift, and go to state 73
    T_pipe        shift, and go to state 74

    Expr  go to state 91
    Num   go to state 76


state 69

   59 Expr: T_true .

    $default  reduce using rule 59 (Expr)


state 70

   60 Expr: T_false .

    $default  reduce using rule 60 (Expr)


state 71

   61 Expr: T_char .

    $default  reduce using rule 61 (Expr)


state 72

   62 Expr: T_null .

    $default  reduce using rule 62 (Expr)


state 73

   56 Expr: T_identifier .
   57     | T_identifier . T_openBracket Expr T_closeBracket

    T_openBracket  shift, and go to state 92

    $default  reduce using rule 56 (Expr)


state 74

   37 Expr: T_pipe . Expr T_pipe

    T_minus       shift, and go to state 63
    T_plus        shift, and go to state 64
    T_not         shift, and go to state 65
    T_deRef       shift, and go to state 66
    T_addr        shift, and go to state 67
    T_openParen   shift, and go to state 68
    T_true        shift, and go to state 69
    T_false       shift, and go to state 70
    T_char        shift, and go to state 71
    T_num_oct     shift, and go to state 29
    T_num_bin     shift, and go to state 30
    T_num_hex     shift, and go to state 31
    T_num_dec     shift, and go to state 32
    T_null        shift, and go to state 72
    T_identifier  shift, and go to state 73
    T_pipe        shift, and go to state 74

    Expr  go to state 93
    Num   go to state 76


state 75

   29 BodyState: T_if T_openParen Expr . T_closeParen T_openCurly BodyVar BodyState T_closeCurly BodyState
   30          | T_if T_openParen Expr . T_closeParen T_openCurly BodyVar BodyState T_closeCurly T_else T_openCurly BodyVar BodyState T_closeCurly BodyState
   38 Expr: Expr . T_less Expr
   39     | Expr . T_lessOrEq Expr
   40     | Expr . T_great Expr
   41     | Expr . T_greatOrEq Expr
   42     | Expr . T_isEq Expr
   43     | Expr . T_notEq Expr
   44     | Expr . T_and Expr
   45     | Expr . T_or Expr
   46     | Expr . T_times Expr
   47     | Expr . T_divide Expr
   48     | Expr . T_plus Expr
   49     | Expr . T_minus Expr

    T_or          shift, and go to state 94
    T_and         shift, and go to state 95
    T_isEq        shift, and go to state 96
    T_notEq       shift, and go to state 97
    T_less        shift, and go to state 98
    T_lessOrEq    shift, and go to state 99
    T_great       shift, and go to state 100
    T_greatOrEq   shift, and go to state 101
    T_minus       shift, and go to state 102
    T_plus        shift, and go to state 103
    T_divide      shift, and go to state 104
    T_times       shift, and go to state 105
    T_closeParen  shift, and go to state 106


state 76

   58 Expr: Num .

    $default  reduce using rule 58 (Expr)


state 77

   31 BodyState: T_while T_openParen Expr . T_closeParen T_openCurly BodyVar BodyState T_closeCurly BodyState
   38 Expr: Expr . T_less Expr
   39     | Expr . T_lessOrEq Expr
   40     | Expr . T_great Expr
   41     | Expr . T_greatOrEq Expr
   42     | Expr . T_isEq Expr
   43     | Expr . T_notEq Expr
   44     | Expr . T_and Expr
   45     | Expr . T_or Expr
   46     | Expr . T_times Expr
   47     | Expr . T_divide Expr
   48     | Expr . T_plus Expr
   49     | Expr . T_minus Expr

    T_or          shift, and go to state 94
    T_and         shift, and go to state 95
    T_isEq        shift, and go to state 96
    T_notEq       shift, and go to state 97
    T_less        shift, and go to state 98
    T_lessOrEq    shift, and go to state 99
    T_great       shift, and go to state 100
    T_greatOrEq   shift, and go to state 101
    T_minus       shift, and go to state 102
    T_plus        shift, and go to state 103
    T_divide      shift, and go to state 104
    T_times       shift, and go to state 105
    T_closeParen  shift, and go to state 107


state 78

   35 Lhs: T_identifier T_openBracket Expr . T_closeBracket
   38 Expr: Expr . T_less Expr
   39     | Expr . T_lessOrEq Expr
   40     | Expr . T_great Expr
   41     | Expr . T_greatOrEq Expr
   42     | Expr . T_isEq Expr
   43     | Expr . T_notEq Expr
   44     | Expr . T_and Expr
   45     | Expr . T_or Expr
   46     | Expr . T_times Expr
   47     | Expr . T_divide Expr
   48     | Expr . T_plus Expr
   49     | Expr . T_minus Expr

    T_or            shift, and go to state 94
    T_and           shift, and go to state 95
    T_isEq          shift, and go to state 96
    T_notEq         shift, and go to state 97
    T_less          shift, and go to state 98
    T_lessOrEq      shift, and go to state 99
    T_great         shift, and go to state 100
    T_greatOrEq     shift, and go to state 101
    T_minus         shift, and go to state 102
    T_plus          shift, and go to state 103
    T_divide        shift, and go to state 104
    T_times         shift, and go to state 105
    T_closeBracket  shift, and go to state 108


state 79

   21 Return: T_return Expr . T_semiCol
   38 Expr: Expr . T_less Expr
   39     | Expr . T_lessOrEq Expr
   40     | Expr . T_great Expr
   41     | Expr . T_greatOrEq Expr
   42     | Expr . T_isEq Expr
   43     | Expr . T_notEq Expr
   44     | Expr . T_and Expr
   45     | Expr . T_or Expr
   46     | Expr . T_times Expr
   47     | Expr . T_divide Expr
   48     | Expr . T_plus Expr
   49     | Expr . T_minus Expr

    T_or         shift, and go to state 94
    T_and        shift, and go to state 95
    T_isEq       shift, and go to state 96
    T_notEq      shift, and go to state 97
    T_less       shift, and go to state 98
    T_lessOrEq   shift, and go to state 99
    T_great      shift, and go to state 100
    T_greatOrEq  shift, and go to state 101
    T_minus      shift, and go to state 102
    T_plus       shift, and go to state 103
    T_divide     shift, and go to state 104
    T_times      shift, and go to state 105
    T_semiCol    shift, and go to state 109


state 80

   27 BodyState: Lhs T_assign T_string . T_semiCol BodyState

    T_semiCol  shift, and go to state 110


state 81

   32 BodyState: Lhs T_assign T_identifier . T_openParen Params T_closeParen T_semiCol BodyState
   56 Expr: T_identifier .
   57     | T_identifier . T_openBracket Expr T_closeBracket

    T_openBracket  shift, and go to state 92
    T_openParen    shift, and go to state 111

    $default  reduce using rule 56 (Expr)


state 82

   26 BodyState: Lhs T_assign Expr . T_semiCol BodyState
   38 Expr: Expr . T_less Expr
   39     | Expr . T_lessOrEq Expr
   40     | Expr . T_great Expr
   41     | Expr . T_greatOrEq Expr
   42     | Expr . T_isEq Expr
   43     | Expr . T_notEq Expr
   44     | Expr . T_and Expr
   45     | Expr . T_or Expr
   46     | Expr . T_times Expr
   47     | Expr . T_divide Expr
   48     | Expr . T_plus Expr
   49     | Expr . T_minus Expr

    T_or         shift, and go to state 94
    T_and        shift, and go to state 95
    T_isEq       shift, and go to state 96
    T_notEq      shift, and go to state 97
    T_less       shift, and go to state 98
    T_lessOrEq   shift, and go to state 99
    T_great      shift, and go to state 100
    T_greatOrEq  shift, and go to state 101
    T_minus      shift, and go to state 102
    T_plus       shift, and go to state 103
    T_divide     shift, and go to state 104
    T_times      shift, and go to state 105
    T_semiCol    shift, and go to state 112


state 83

   24 BodyVarSameType: T_comma T_identifier BodyVarSameType .

    $default  reduce using rule 24 (BodyVarSameType)


state 84

   22 BodyVar: T_var T_identifier BodyVarSameType T_col Type . T_semiCol BodyVar

    T_semiCol  shift, and go to state 113


state 85

   28 BodyState: T_openCurly BodyVar BodyState T_closeCurly . BodyState

    T_deRef       shift, and go to state 42
    T_openCurly   shift, and go to state 43
    T_if          shift, and go to state 44
    T_while       shift, and go to state 45
    T_identifier  shift, and go to state 46

    $default  reduce using rule 33 (BodyState)

    BodyState  go to state 114
    Lhs        go to state 48


state 86

   38 Expr: Expr . T_less Expr
   39     | Expr . T_lessOrEq Expr
   40     | Expr . T_great Expr
   41     | Expr . T_greatOrEq Expr
   42     | Expr . T_isEq Expr
   43     | Expr . T_notEq Expr
   44     | Expr . T_and Expr
   45     | Expr . T_or Expr
   46     | Expr . T_times Expr
   47     | Expr . T_divide Expr
   48     | Expr . T_plus Expr
   49     | Expr . T_minus Expr
   52     | T_minus Expr .

    T_divide  shift, and go to state 104
    T_times   shift, and go to state 105

    $default  reduce using rule 52 (Expr)


state 87

   38 Expr: Expr . T_less Expr
   39     | Expr . T_lessOrEq Expr
   40     | Expr . T_great Expr
   41     | Expr . T_greatOrEq Expr
   42     | Expr . T_isEq Expr
   43     | Expr . T_notEq Expr
   44     | Expr . T_and Expr
   45     | Expr . T_or Expr
   46     | Expr . T_times Expr
   47     | Expr . T_divide Expr
   48     | Expr . T_plus Expr
   49     | Expr . T_minus Expr
   53     | T_plus Expr .

    T_divide  shift, and go to state 104
    T_times   shift, and go to state 105

    $default  reduce using rule 53 (Expr)


state 88

   38 Expr: Expr . T_less Expr
   39     | Expr . T_lessOrEq Expr
   40     | Expr . T_great Expr
   41     | Expr . T_greatOrEq Expr
   42     | Expr . T_isEq Expr
   43     | Expr . T_notEq Expr
   44     | Expr . T_and Expr
   45     | Expr . T_or Expr
   46     | Expr . T_times Expr
   47     | Expr . T_divide Expr
   48     | Expr . T_plus Expr
   49     | Expr . T_minus Expr
   51     | T_not Expr .

    $default  reduce using rule 51 (Expr)


state 89

   38 Expr: Expr . T_less Expr
   39     | Expr . T_lessOrEq Expr
   40     | Expr . T_great Expr
   41     | Expr . T_greatOrEq Expr
   42     | Expr . T_isEq Expr
   43     | Expr . T_notEq Expr
   44     | Expr . T_and Expr
   45     | Expr . T_or Expr
   46     | Expr . T_times Expr
   47     | Expr . T_divide Expr
   48     | Expr . T_plus Expr
   49     | Expr . T_minus Expr
   55     | T_deRef Expr .

    $default  reduce using rule 55 (Expr)


state 90

   54 Expr: T_addr Lhs .

    $default  reduce using rule 54 (Expr)


state 91

   38 Expr: Expr . T_less Expr
   39     | Expr . T_lessOrEq Expr
   40     | Expr . T_great Expr
   41     | Expr . T_greatOrEq Expr
   42     | Expr . T_isEq Expr
   43     | Expr . T_notEq Expr
   44     | Expr . T_and Expr
   45     | Expr . T_or Expr
   46     | Expr . T_times Expr
   47     | Expr . T_divide Expr
   48     | Expr . T_plus Expr
   49     | Expr . T_minus Expr
   50     | T_openParen Expr . T_closeParen

    T_or          shift, and go to state 94
    T_and         shift, and go to state 95
    T_isEq        shift, and go to state 96
    T_notEq       shift, and go to state 97
    T_less        shift, and go to state 98
    T_lessOrEq    shift, and go to state 99
    T_great       shift, and go to state 100
    T_greatOrEq   shift, and go to state 101
    T_minus       shift, and go to state 102
    T_plus        shift, and go to state 103
    T_divide      shift, and go to state 104
    T_times       shift, and go to state 105
    T_closeParen  shift, and go to state 115


state 92

   57 Expr: T_identifier T_openBracket . Expr T_closeBracket

    T_minus       shift, and go to state 63
    T_plus        shift, and go to state 64
    T_not         shift, and go to state 65
    T_deRef       shift, and go to state 66
    T_addr        shift, and go to state 67
    T_openParen   shift, and go to state 68
    T_true        shift, and go to state 69
    T_false       shift, and go to state 70
    T_char        shift, and go to state 71
    T_num_oct     shift, and go to state 29
    T_num_bin     shift, and go to state 30
    T_num_hex     shift, and go to state 31
    T_num_dec     shift, and go to state 32
    T_null        shift, and go to state 72
    T_identifier  shift, and go to state 73
    T_pipe        shift, and go to state 74

    Expr  go to state 116
    Num   go to state 76


state 93

   37 Expr: T_pipe Expr . T_pipe
   38     | Expr . T_less Expr
   39     | Expr . T_lessOrEq Expr
   40     | Expr . T_great Expr
   41     | Expr . T_greatOrEq Expr
   42     | Expr . T_isEq Expr
   43     | Expr . T_notEq Expr
   44     | Expr . T_and Expr
   45     | Expr . T_or Expr
   46     | Expr . T_times Expr
   47     | Expr . T_divide Expr
   48     | Expr . T_plus Expr
   49     | Expr . T_minus Expr

    T_or         shift, and go to state 94
    T_and        shift, and go to state 95
    T_isEq       shift, and go to state 96
    T_notEq      shift, and go to state 97
    T_less       shift, and go to state 98
    T_lessOrEq   shift, and go to state 99
    T_great      shift, and go to state 100
    T_greatOrEq  shift, and go to state 101
    T_minus      shift, and go to state 102
    T_plus       shift, and go to state 103
    T_divide     shift, and go to state 104
    T_times      shift, and go to state 105
    T_pipe       shift, and go to state 117


state 94

   45 Expr: Expr T_or . Expr

    T_minus       shift, and go to state 63
    T_plus        shift, and go to state 64
    T_not         shift, and go to state 65
    T_deRef       shift, and go to state 66
    T_addr        shift, and go to state 67
    T_openParen   shift, and go to state 68
    T_true        shift, and go to state 69
    T_false       shift, and go to state 70
    T_char        shift, and go to state 71
    T_num_oct     shift, and go to state 29
    T_num_bin     shift, and go to state 30
    T_num_hex     shift, and go to state 31
    T_num_dec     shift, and go to state 32
    T_null        shift, and go to state 72
    T_identifier  shift, and go to state 73
    T_pipe        shift, and go to state 74

    Expr  go to state 118
    Num   go to state 76


state 95

   44 Expr: Expr T_and . Expr

    T_minus       shift, and go to state 63
    T_plus        shift, and go to state 64
    T_not         shift, and go to state 65
    T_deRef       shift, and go to state 66
    T_addr        shift, and go to state 67
    T_openParen   shift, and go to state 68
    T_true        shift, and go to state 69
    T_false       shift, and go to state 70
    T_char        shift, and go to state 71
    T_num_oct     shift, and go to state 29
    T_num_bin     shift, and go to state 30
    T_num_hex     shift, and go to state 31
    T_num_dec     shift, and go to state 32
    T_null        shift, and go to state 72
    T_identifier  shift, and go to state 73
    T_pipe        shift, and go to state 74

    Expr  go to state 119
    Num   go to state 76


state 96

   42 Expr: Expr T_isEq . Expr

    T_minus       shift, and go to state 63
    T_plus        shift, and go to state 64
    T_not         shift, and go to state 65
    T_deRef       shift, and go to state 66
    T_addr        shift, and go to state 67
    T_openParen   shift, and go to state 68
    T_true        shift, and go to state 69
    T_false       shift, and go to state 70
    T_char        shift, and go to state 71
    T_num_oct     shift, and go to state 29
    T_num_bin     shift, and go to state 30
    T_num_hex     shift, and go to state 31
    T_num_dec     shift, and go to state 32
    T_null        shift, and go to state 72
    T_identifier  shift, and go to state 73
    T_pipe        shift, and go to state 74

    Expr  go to state 120
    Num   go to state 76


state 97

   43 Expr: Expr T_notEq . Expr

    T_minus       shift, and go to state 63
    T_plus        shift, and go to state 64
    T_not         shift, and go to state 65
    T_deRef       shift, and go to state 66
    T_addr        shift, and go to state 67
    T_openParen   shift, and go to state 68
    T_true        shift, and go to state 69
    T_false       shift, and go to state 70
    T_char        shift, and go to state 71
    T_num_oct     shift, and go to state 29
    T_num_bin     shift, and go to state 30
    T_num_hex     shift, and go to state 31
    T_num_dec     shift, and go to state 32
    T_null        shift, and go to state 72
    T_identifier  shift, and go to state 73
    T_pipe        shift, and go to state 74

    Expr  go to state 121
    Num   go to state 76


state 98

   38 Expr: Expr T_less . Expr

    T_minus       shift, and go to state 63
    T_plus        shift, and go to state 64
    T_not         shift, and go to state 65
    T_deRef       shift, and go to state 66
    T_addr        shift, and go to state 67
    T_openParen   shift, and go to state 68
    T_true        shift, and go to state 69
    T_false       shift, and go to state 70
    T_char        shift, and go to state 71
    T_num_oct     shift, and go to state 29
    T_num_bin     shift, and go to state 30
    T_num_hex     shift, and go to state 31
    T_num_dec     shift, and go to state 32
    T_null        shift, and go to state 72
    T_identifier  shift, and go to state 73
    T_pipe        shift, and go to state 74

    Expr  go to state 122
    Num   go to state 76


state 99

   39 Expr: Expr T_lessOrEq . Expr

    T_minus       shift, and go to state 63
    T_plus        shift, and go to state 64
    T_not         shift, and go to state 65
    T_deRef       shift, and go to state 66
    T_addr        shift, and go to state 67
    T_openParen   shift, and go to state 68
    T_true        shift, and go to state 69
    T_false       shift, and go to state 70
    T_char        shift, and go to state 71
    T_num_oct     shift, and go to state 29
    T_num_bin     shift, and go to state 30
    T_num_hex     shift, and go to state 31
    T_num_dec     shift, and go to state 32
    T_null        shift, and go to state 72
    T_identifier  shift, and go to state 73
    T_pipe        shift, and go to state 74

    Expr  go to state 123
    Num   go to state 76


state 100

   40 Expr: Expr T_great . Expr

    T_minus       shift, and go to state 63
    T_plus        shift, and go to state 64
    T_not         shift, and go to state 65
    T_deRef       shift, and go to state 66
    T_addr        shift, and go to state 67
    T_openParen   shift, and go to state 68
    T_true        shift, and go to state 69
    T_false       shift, and go to state 70
    T_char        shift, and go to state 71
    T_num_oct     shift, and go to state 29
    T_num_bin     shift, and go to state 30
    T_num_hex     shift, and go to state 31
    T_num_dec     shift, and go to state 32
    T_null        shift, and go to state 72
    T_identifier  shift, and go to state 73
    T_pipe        shift, and go to state 74

    Expr  go to state 124
    Num   go to state 76


state 101

   41 Expr: Expr T_greatOrEq . Expr

    T_minus       shift, and go to state 63
    T_plus        shift, and go to state 64
    T_not         shift, and go to state 65
    T_deRef       shift, and go to state 66
    T_addr        shift, and go to state 67
    T_openParen   shift, and go to state 68
    T_true        shift, and go to state 69
    T_false       shift, and go to state 70
    T_char        shift, and go to state 71
    T_num_oct     shift, and go to state 29
    T_num_bin     shift, and go to state 30
    T_num_hex     shift, and go to state 31
    T_num_dec     shift, and go to state 32
    T_null        shift, and go to state 72
    T_identifier  shift, and go to state 73
    T_pipe        shift, and go to state 74

    Expr  go to state 125
    Num   go to state 76


state 102

   49 Expr: Expr T_minus . Expr

    T_minus       shift, and go to state 63
    T_plus        shift, and go to state 64
    T_not         shift, and go to state 65
    T_deRef       shift, and go to state 66
    T_addr        shift, and go to state 67
    T_openParen   shift, and go to state 68
    T_true        shift, and go to state 69
    T_false       shift, and go to state 70
    T_char        shift, and go to state 71
    T_num_oct     shift, and go to state 29
    T_num_bin     shift, and go to state 30
    T_num_hex     shift, and go to state 31
    T_num_dec     shift, and go to state 32
    T_null        shift, and go to state 72
    T_identifier  shift, and go to state 73
    T_pipe        shift, and go to state 74

    Expr  go to state 126
    Num   go to state 76


state 103

   48 Expr: Expr T_plus . Expr

    T_minus       shift, and go to state 63
    T_plus        shift, and go to state 64
    T_not         shift, and go to state 65
    T_deRef       shift, and go to state 66
    T_addr        shift, and go to state 67
    T_openParen   shift, and go to state 68
    T_true        shift, and go to state 69
    T_false       shift, and go to state 70
    T_char        shift, and go to state 71
    T_num_oct     shift, and go to state 29
    T_num_bin     shift, and go to state 30
    T_num_hex     shift, and go to state 31
    T_num_dec     shift, and go to state 32
    T_null        shift, and go to state 72
    T_identifier  shift, and go to state 73
    T_pipe        shift, and go to state 74

    Expr  go to state 127
    Num   go to state 76


state 104

   47 Expr: Expr T_divide . Expr

    T_minus       shift, and go to state 63
    T_plus        shift, and go to state 64
    T_not         shift, and go to state 65
    T_deRef       shift, and go to state 66
    T_addr        shift, and go to state 67
    T_openParen   shift, and go to state 68
    T_true        shift, and go to state 69
    T_false       shift, and go to state 70
    T_char        shift, and go to state 71
    T_num_oct     shift, and go to state 29
    T_num_bin     shift, and go to state 30
    T_num_hex     shift, and go to state 31
    T_num_dec     shift, and go to state 32
    T_null        shift, and go to state 72
    T_identifier  shift, and go to state 73
    T_pipe        shift, and go to state 74

    Expr  go to state 128
    Num   go to state 76


state 105

   46 Expr: Expr T_times . Expr

    T_minus       shift, and go to state 63
    T_plus        shift, and go to state 64
    T_not         shift, and go to state 65
    T_deRef       shift, and go to state 66
    T_addr        shift, and go to state 67
    T_openParen   shift, and go to state 68
    T_true        shift, and go to state 69
    T_false       shift, and go to state 70
    T_char        shift, and go to state 71
    T_num_oct     shift, and go to state 29
    T_num_bin     shift, and go to state 30
    T_num_hex     shift, and go to state 31
    T_num_dec     shift, and go to state 32
    T_null        shift, and go to state 72
    T_identifier  shift, and go to state 73
    T_pipe        shift, and go to state 74

    Expr  go to state 129
    Num   go to state 76


state 106

   29 BodyState: T_if T_openParen Expr T_closeParen . T_openCurly BodyVar BodyState T_closeCurly BodyState
   30          | T_if T_openParen Expr T_closeParen . T_openCurly BodyVar BodyState T_closeCurly T_else T_openCurly BodyVar BodyState T_closeCurly BodyState

    T_openCurly  shift, and go to state 130


state 107

   31 BodyState: T_while T_openParen Expr T_closeParen . T_openCurly BodyVar BodyState T_closeCurly BodyState

    T_openCurly  shift, and go to state 131


state 108

   35 Lhs: T_identifier T_openBracket Expr T_closeBracket .

    $default  reduce using rule 35 (Lhs)


state 109

   21 Return: T_return Expr T_semiCol .

    $default  reduce using rule 21 (Return)


state 110

   27 BodyState: Lhs T_assign T_string T_semiCol . BodyState

    T_deRef       shift, and go to state 42
    T_openCurly   shift, and go to state 43
    T_if          shift, and go to state 44
    T_while       shift, and go to state 45
    T_identifier  shift, and go to state 46

    $default  reduce using rule 33 (BodyState)

    BodyState  go to state 132
    Lhs        go to state 48


state 111

   32 BodyState: Lhs T_assign T_identifier T_openParen . Params T_closeParen T_semiCol BodyState

    T_minus       shift, and go to state 63
    T_plus        shift, and go to state 64
    T_not         shift, and go to state 65
    T_deRef       shift, and go to state 66
    T_addr        shift, and go to state 67
    T_openParen   shift, and go to state 68
    T_true        shift, and go to state 69
    T_false       shift, and go to state 70
    T_char        shift, and go to state 71
    T_num_oct     shift, and go to state 29
    T_num_bin     shift, and go to state 30
    T_num_hex     shift, and go to state 31
    T_num_dec     shift, and go to state 32
    T_null        shift, and go to state 72
    T_identifier  shift, and go to state 73
    T_pipe        shift, and go to state 74

    $default  reduce using rule 17 (Params)

    Params  go to state 133
    Expr    go to state 134
    Num     go to state 76


state 112

   26 BodyState: Lhs T_assign Expr T_semiCol . BodyState

    T_deRef       shift, and go to state 42
    T_openCurly   shift, and go to state 43
    T_if          shift, and go to state 44
    T_while       shift, and go to state 45
    T_identifier  shift, and go to state 46

    $default  reduce using rule 33 (BodyState)

    BodyState  go to state 135
    Lhs        go to state 48


state 113

   22 BodyVar: T_var T_identifier BodyVarSameType T_col Type T_semiCol . BodyVar

    T_var  shift, and go to state 38

    $default  reduce using rule 23 (BodyVar)

    BodyVar  go to state 136


state 114

   28 BodyState: T_openCurly BodyVar BodyState T_closeCurly BodyState .

    $default  reduce using rule 28 (BodyState)


state 115

   50 Expr: T_openParen Expr T_closeParen .

    $default  reduce using rule 50 (Expr)


state 116

   38 Expr: Expr . T_less Expr
   39     | Expr . T_lessOrEq Expr
   40     | Expr . T_great Expr
   41     | Expr . T_greatOrEq Expr
   42     | Expr . T_isEq Expr
   43     | Expr . T_notEq Expr
   44     | Expr . T_and Expr
   45     | Expr . T_or Expr
   46     | Expr . T_times Expr
   47     | Expr . T_divide Expr
   48     | Expr . T_plus Expr
   49     | Expr . T_minus Expr
   57     | T_identifier T_openBracket Expr . T_closeBracket

    T_or            shift, and go to state 94
    T_and           shift, and go to state 95
    T_isEq          shift, and go to state 96
    T_notEq         shift, and go to state 97
    T_less          shift, and go to state 98
    T_lessOrEq      shift, and go to state 99
    T_great         shift, and go to state 100
    T_greatOrEq     shift, and go to state 101
    T_minus         shift, and go to state 102
    T_plus          shift, and go to state 103
    T_divide        shift, and go to state 104
    T_times         shift, and go to state 105
    T_closeBracket  shift, and go to state 137


state 117

   37 Expr: T_pipe Expr T_pipe .

    $default  reduce using rule 37 (Expr)


state 118

   38 Expr: Expr . T_less Expr
   39     | Expr . T_lessOrEq Expr
   40     | Expr . T_great Expr
   41     | Expr . T_greatOrEq Expr
   42     | Expr . T_isEq Expr
   43     | Expr . T_notEq Expr
   44     | Expr . T_and Expr
   45     | Expr . T_or Expr
   45     | Expr T_or Expr .
   46     | Expr . T_times Expr
   47     | Expr . T_divide Expr
   48     | Expr . T_plus Expr
   49     | Expr . T_minus Expr

    T_and        shift, and go to state 95
    T_isEq       shift, and go to state 96
    T_notEq      shift, and go to state 97
    T_less       shift, and go to state 98
    T_lessOrEq   shift, and go to state 99
    T_great      shift, and go to state 100
    T_greatOrEq  shift, and go to state 101
    T_minus      shift, and go to state 102
    T_plus       shift, and go to state 103
    T_divide     shift, and go to state 104
    T_times      shift, and go to state 105

    $default  reduce using rule 45 (Expr)


state 119

   38 Expr: Expr . T_less Expr
   39     | Expr . T_lessOrEq Expr
   40     | Expr . T_great Expr
   41     | Expr . T_greatOrEq Expr
   42     | Expr . T_isEq Expr
   43     | Expr . T_notEq Expr
   44     | Expr . T_and Expr
   44     | Expr T_and Expr .
   45     | Expr . T_or Expr
   46     | Expr . T_times Expr
   47     | Expr . T_divide Expr
   48     | Expr . T_plus Expr
   49     | Expr . T_minus Expr

    T_isEq       shift, and go to state 96
    T_notEq      shift, and go to state 97
    T_less       shift, and go to state 98
    T_lessOrEq   shift, and go to state 99
    T_great      shift, and go to state 100
    T_greatOrEq  shift, and go to state 101
    T_minus      shift, and go to state 102
    T_plus       shift, and go to state 103
    T_divide     shift, and go to state 104
    T_times      shift, and go to state 105

    $default  reduce using rule 44 (Expr)


state 120

   38 Expr: Expr . T_less Expr
   39     | Expr . T_lessOrEq Expr
   40     | Expr . T_great Expr
   41     | Expr . T_greatOrEq Expr
   42     | Expr . T_isEq Expr
   42     | Expr T_isEq Expr .
   43     | Expr . T_notEq Expr
   44     | Expr . T_and Expr
   45     | Expr . T_or Expr
   46     | Expr . T_times Expr
   47     | Expr . T_divide Expr
   48     | Expr . T_plus Expr
   49     | Expr . T_minus Expr

    T_notEq      shift, and go to state 97
    T_less       shift, and go to state 98
    T_lessOrEq   shift, and go to state 99
    T_great      shift, and go to state 100
    T_greatOrEq  shift, and go to state 101
    T_minus      shift, and go to state 102
    T_plus       shift, and go to state 103
    T_divide     shift, and go to state 104
    T_times      shift, and go to state 105

    $default  reduce using rule 42 (Expr)


state 121

   38 Expr: Expr . T_less Expr
   39     | Expr . T_lessOrEq Expr
   40     | Expr . T_great Expr
   41     | Expr . T_greatOrEq Expr
   42     | Expr . T_isEq Expr
   43     | Expr . T_notEq Expr
   43     | Expr T_notEq Expr .
   44     | Expr . T_and Expr
   45     | Expr . T_or Expr
   46     | Expr . T_times Expr
   47     | Expr . T_divide Expr
   48     | Expr . T_plus Expr
   49     | Expr . T_minus Expr

    T_less       shift, and go to state 98
    T_lessOrEq   shift, and go to state 99
    T_great      shift, and go to state 100
    T_greatOrEq  shift, and go to state 101
    T_minus      shift, and go to state 102
    T_plus       shift, and go to state 103
    T_divide     shift, and go to state 104
    T_times      shift, and go to state 105

    $default  reduce using rule 43 (Expr)


state 122

   38 Expr: Expr . T_less Expr
   38     | Expr T_less Expr .
   39     | Expr . T_lessOrEq Expr
   40     | Expr . T_great Expr
   41     | Expr . T_greatOrEq Expr
   42     | Expr . T_isEq Expr
   43     | Expr . T_notEq Expr
   44     | Expr . T_and Expr
   45     | Expr . T_or Expr
   46     | Expr . T_times Expr
   47     | Expr . T_divide Expr
   48     | Expr . T_plus Expr
   49     | Expr . T_minus Expr

    T_lessOrEq   shift, and go to state 99
    T_great      shift, and go to state 100
    T_greatOrEq  shift, and go to state 101
    T_minus      shift, and go to state 102
    T_plus       shift, and go to state 103
    T_divide     shift, and go to state 104
    T_times      shift, and go to state 105

    $default  reduce using rule 38 (Expr)


state 123

   38 Expr: Expr . T_less Expr
   39     | Expr . T_lessOrEq Expr
   39     | Expr T_lessOrEq Expr .
   40     | Expr . T_great Expr
   41     | Expr . T_greatOrEq Expr
   42     | Expr . T_isEq Expr
   43     | Expr . T_notEq Expr
   44     | Expr . T_and Expr
   45     | Expr . T_or Expr
   46     | Expr . T_times Expr
   47     | Expr . T_divide Expr
   48     | Expr . T_plus Expr
   49     | Expr . T_minus Expr

    T_great      shift, and go to state 100
    T_greatOrEq  shift, and go to state 101
    T_minus      shift, and go to state 102
    T_plus       shift, and go to state 103
    T_divide     shift, and go to state 104
    T_times      shift, and go to state 105

    $default  reduce using rule 39 (Expr)


state 124

   38 Expr: Expr . T_less Expr
   39     | Expr . T_lessOrEq Expr
   40     | Expr . T_great Expr
   40     | Expr T_great Expr .
   41     | Expr . T_greatOrEq Expr
   42     | Expr . T_isEq Expr
   43     | Expr . T_notEq Expr
   44     | Expr . T_and Expr
   45     | Expr . T_or Expr
   46     | Expr . T_times Expr
   47     | Expr . T_divide Expr
   48     | Expr . T_plus Expr
   49     | Expr . T_minus Expr

    T_greatOrEq  shift, and go to state 101
    T_minus      shift, and go to state 102
    T_plus       shift, and go to state 103
    T_divide     shift, and go to state 104
    T_times      shift, and go to state 105

    $default  reduce using rule 40 (Expr)


state 125

   38 Expr: Expr . T_less Expr
   39     | Expr . T_lessOrEq Expr
   40     | Expr . T_great Expr
   41     | Expr . T_greatOrEq Expr
   41     | Expr T_greatOrEq Expr .
   42     | Expr . T_isEq Expr
   43     | Expr . T_notEq Expr
   44     | Expr . T_and Expr
   45     | Expr . T_or Expr
   46     | Expr . T_times Expr
   47     | Expr . T_divide Expr
   48     | Expr . T_plus Expr
   49     | Expr . T_minus Expr

    T_minus   shift, and go to state 102
    T_plus    shift, and go to state 103
    T_divide  shift, and go to state 104
    T_times   shift, and go to state 105

    $default  reduce using rule 41 (Expr)


state 126

   38 Expr: Expr . T_less Expr
   39     | Expr . T_lessOrEq Expr
   40     | Expr . T_great Expr
   41     | Expr . T_greatOrEq Expr
   42     | Expr . T_isEq Expr
   43     | Expr . T_notEq Expr
   44     | Expr . T_and Expr
   45     | Expr . T_or Expr
   46     | Expr . T_times Expr
   47     | Expr . T_divide Expr
   48     | Expr . T_plus Expr
   49     | Expr . T_minus Expr
   49     | Expr T_minus Expr .

    T_divide  shift, and go to state 104
    T_times   shift, and go to state 105

    $default  reduce using rule 49 (Expr)


state 127

   38 Expr: Expr . T_less Expr
   39     | Expr . T_lessOrEq Expr
   40     | Expr . T_great Expr
   41     | Expr . T_greatOrEq Expr
   42     | Expr . T_isEq Expr
   43     | Expr . T_notEq Expr
   44     | Expr . T_and Expr
   45     | Expr . T_or Expr
   46     | Expr . T_times Expr
   47     | Expr . T_divide Expr
   48     | Expr . T_plus Expr
   48     | Expr T_plus Expr .
   49     | Expr . T_minus Expr

    T_divide  shift, and go to state 104
    T_times   shift, and go to state 105

    $default  reduce using rule 48 (Expr)


state 128

   38 Expr: Expr . T_less Expr
   39     | Expr . T_lessOrEq Expr
   40     | Expr . T_great Expr
   41     | Expr . T_greatOrEq Expr
   42     | Expr . T_isEq Expr
   43     | Expr . T_notEq Expr
   44     | Expr . T_and Expr
   45     | Expr . T_or Expr
   46     | Expr . T_times Expr
   47     | Expr . T_divide Expr
   47     | Expr T_divide Expr .
   48     | Expr . T_plus Expr
   49     | Expr . T_minus Expr

    $default  reduce using rule 47 (Expr)


state 129

   38 Expr: Expr . T_less Expr
   39     | Expr . T_lessOrEq Expr
   40     | Expr . T_great Expr
   41     | Expr . T_greatOrEq Expr
   42     | Expr . T_isEq Expr
   43     | Expr . T_notEq Expr
   44     | Expr . T_and Expr
   45     | Expr . T_or Expr
   46     | Expr . T_times Expr
   46     | Expr T_times Expr .
   47     | Expr . T_divide Expr
   48     | Expr . T_plus Expr
   49     | Expr . T_minus Expr

    $default  reduce using rule 46 (Expr)


state 130

   29 BodyState: T_if T_openParen Expr T_closeParen T_openCurly . BodyVar BodyState T_closeCurly BodyState
   30          | T_if T_openParen Expr T_closeParen T_openCurly . BodyVar BodyState T_closeCurly T_else T_openCurly BodyVar BodyState T_closeCurly BodyState

    T_var  shift, and go to state 38

    $default  reduce using rule 23 (BodyVar)

    BodyVar  go to state 138


state 131

   31 BodyState: T_while T_openParen Expr T_closeParen T_openCurly . BodyVar BodyState T_closeCurly BodyState

    T_var  shift, and go to state 38

    $default  reduce using rule 23 (BodyVar)

    BodyVar  go to state 139


state 132

   27 BodyState: Lhs T_assign T_string T_semiCol BodyState .

    $default  reduce using rule 27 (BodyState)


state 133

   32 BodyState: Lhs T_assign T_identifier T_openParen Params . T_closeParen T_semiCol BodyState

    T_closeParen  shift, and go to state 140


state 134

   16 Params: Expr . ParamsMore
   38 Expr: Expr . T_less Expr
   39     | Expr . T_lessOrEq Expr
   40     | Expr . T_great Expr
   41     | Expr . T_greatOrEq Expr
   42     | Expr . T_isEq Expr
   43     | Expr . T_notEq Expr
   44     | Expr . T_and Expr
   45     | Expr . T_or Expr
   46     | Expr . T_times Expr
   47     | Expr . T_divide Expr
   48     | Expr . T_plus Expr
   49     | Expr . T_minus Expr

    T_comma      shift, and go to state 141
    T_or         shift, and go to state 94
    T_and        shift, and go to state 95
    T_isEq       shift, and go to state 96
    T_notEq      shift, and go to state 97
    T_less       shift, and go to state 98
    T_lessOrEq   shift, and go to state 99
    T_great      shift, and go to state 100
    T_greatOrEq  shift, and go to state 101
    T_minus      shift, and go to state 102
    T_plus       shift, and go to state 103
    T_divide     shift, and go to state 104
    T_times      shift, and go to state 105

    $default  reduce using rule 19 (ParamsMore)

    ParamsMore  go to state 142


state 135

   26 BodyState: Lhs T_assign Expr T_semiCol BodyState .

    $default  reduce using rule 26 (BodyState)


state 136

   22 BodyVar: T_var T_identifier BodyVarSameType T_col Type T_semiCol BodyVar .

    $default  reduce using rule 22 (BodyVar)


state 137

   57 Expr: T_identifier T_openBracket Expr T_closeBracket .

    $default  reduce using rule 57 (Expr)


state 138

   29 BodyState: T_if T_openParen Expr T_closeParen T_openCurly BodyVar . BodyState T_closeCurly BodyState
   30          | T_if T_openParen Expr T_closeParen T_openCurly BodyVar . BodyState T_closeCurly T_else T_openCurly BodyVar BodyState T_closeCurly BodyState

    T_deRef       shift, and go to state 42
    T_openCurly   shift, and go to state 43
    T_if          shift, and go to state 44
    T_while       shift, and go to state 45
    T_identifier  shift, and go to state 46

    $default  reduce using rule 33 (BodyState)

    BodyState  go to state 143
    Lhs        go to state 48


state 139

   31 BodyState: T_while T_openParen Expr T_closeParen T_openCurly BodyVar . BodyState T_closeCurly BodyState

    T_deRef       shift, and go to state 42
    T_openCurly   shift, and go to state 43
    T_if          shift, and go to state 44
    T_while       shift, and go to state 45
    T_identifier  shift, and go to state 46

    $default  reduce using rule 33 (BodyState)

    BodyState  go to state 144
    Lhs        go to state 48


state 140

   32 BodyState: Lhs T_assign T_identifier T_openParen Params T_closeParen . T_semiCol BodyState

    T_semiCol  shift, and go to state 145


state 141

   18 ParamsMore: T_comma . Expr ParamsMore

    T_minus       shift, and go to state 63
    T_plus        shift, and go to state 64
    T_not         shift, and go to state 65
    T_deRef       shift, and go to state 66
    T_addr        shift, and go to state 67
    T_openParen   shift, and go to state 68
    T_true        shift, and go to state 69
    T_false       shift, and go to state 70
    T_char        shift, and go to state 71
    T_num_oct     shift, and go to state 29
    T_num_bin     shift, and go to state 30
    T_num_hex     shift, and go to state 31
    T_num_dec     shift, and go to state 32
    T_null        shift, and go to state 72
    T_identifier  shift, and go to state 73
    T_pipe        shift, and go to state 74

    Expr  go to state 146
    Num   go to state 76


state 142

   16 Params: Expr ParamsMore .

    $default  reduce using rule 16 (Params)


state 143

   29 BodyState: T_if T_openParen Expr T_closeParen T_openCurly BodyVar BodyState . T_closeCurly BodyState
   30          | T_if T_openParen Expr T_closeParen T_openCurly BodyVar BodyState . T_closeCurly T_else T_openCurly BodyVar BodyState T_closeCurly BodyState

    T_closeCurly  shift, and go to state 147


state 144

   31 BodyState: T_while T_openParen Expr T_closeParen T_openCurly BodyVar BodyState . T_closeCurly BodyState

    T_closeCurly  shift, and go to state 148


state 145

   32 BodyState: Lhs T_assign T_identifier T_openParen Params T_closeParen T_semiCol . BodyState

    T_deRef       shift, and go to state 42
    T_openCurly   shift, and go to state 43
    T_if          shift, and go to state 44
    T_while       shift, and go to state 45
    T_identifier  shift, and go to state 46

    $default  reduce using rule 33 (BodyState)

    BodyState  go to state 149
    Lhs        go to state 48


state 146

   18 ParamsMore: T_comma Expr . ParamsMore
   38 Expr: Expr . T_less Expr
   39     | Expr . T_lessOrEq Expr
   40     | Expr . T_great Expr
   41     | Expr . T_greatOrEq Expr
   42     | Expr . T_isEq Expr
   43     | Expr . T_notEq Expr
   44     | Expr . T_and Expr
   45     | Expr . T_or Expr
   46     | Expr . T_times Expr
   47     | Expr . T_divide Expr
   48     | Expr . T_plus Expr
   49     | Expr . T_minus Expr

    T_comma      shift, and go to state 141
    T_or         shift, and go to state 94
    T_and        shift, and go to state 95
    T_isEq       shift, and go to state 96
    T_notEq      shift, and go to state 97
    T_less       shift, and go to state 98
    T_lessOrEq   shift, and go to state 99
    T_great      shift, and go to state 100
    T_greatOrEq  shift, and go to state 101
    T_minus      shift, and go to state 102
    T_plus       shift, and go to state 103
    T_divide     shift, and go to state 104
    T_times      shift, and go to state 105

    $default  reduce using rule 19 (ParamsMore)

    ParamsMore  go to state 150


state 147

   29 BodyState: T_if T_openParen Expr T_closeParen T_openCurly BodyVar BodyState T_closeCurly . BodyState
   30          | T_if T_openParen Expr T_closeParen T_openCurly BodyVar BodyState T_closeCurly . T_else T_openCurly BodyVar BodyState T_closeCurly BodyState

    T_deRef       shift, and go to state 42
    T_openCurly   shift, and go to state 43
    T_if          shift, and go to state 44
    T_else        shift, and go to state 151
    T_while       shift, and go to state 45
    T_identifier  shift, and go to state 46

    $default  reduce using rule 33 (BodyState)

    BodyState  go to state 152
    Lhs        go to state 48


state 148

   31 BodyState: T_while T_openParen Expr T_closeParen T_openCurly BodyVar BodyState T_closeCurly . BodyState

    T_deRef       shift, and go to state 42
    T_openCurly   shift, and go to state 43
    T_if          shift, and go to state 44
    T_while       shift, and go to state 45
    T_identifier  shift, and go to state 46

    $default  reduce using rule 33 (BodyState)

    BodyState  go to state 153
    Lhs        go to state 48


state 149

   32 BodyState: Lhs T_assign T_identifier T_openParen Params T_closeParen T_semiCol BodyState .

    $default  reduce using rule 32 (BodyState)


state 150

   18 ParamsMore: T_comma Expr ParamsMore .

    $default  reduce using rule 18 (ParamsMore)


state 151

   30 BodyState: T_if T_openParen Expr T_closeParen T_openCurly BodyVar BodyState T_closeCurly T_else . T_openCurly BodyVar BodyState T_closeCurly BodyState

    T_openCurly  shift, and go to state 154


state 152

   29 BodyState: T_if T_openParen Expr T_closeParen T_openCurly BodyVar BodyState T_closeCurly BodyState .

    $default  reduce using rule 29 (BodyState)


state 153

   31 BodyState: T_while T_openParen Expr T_closeParen T_openCurly BodyVar BodyState T_closeCurly BodyState .

    $default  reduce using rule 31 (BodyState)


state 154

   30 BodyState: T_if T_openParen Expr T_closeParen T_openCurly BodyVar BodyState T_closeCurly T_else T_openCurly . BodyVar BodyState T_closeCurly BodyState

    T_var  shift, and go to state 38

    $default  reduce using rule 23 (BodyVar)

    BodyVar  go to state 155


state 155

   30 BodyState: T_if T_openParen Expr T_closeParen T_openCurly BodyVar BodyState T_closeCurly T_else T_openCurly BodyVar . BodyState T_closeCurly BodyState

    T_deRef       shift, and go to state 42
    T_openCurly   shift, and go to state 43
    T_if          shift, and go to state 44
    T_while       shift, and go to state 45
    T_identifier  shift, and go to state 46

    $default  reduce using rule 33 (BodyState)

    BodyState  go to state 156
    Lhs        go to state 48


state 156

   30 BodyState: T_if T_openParen Expr T_closeParen T_openCurly BodyVar BodyState T_closeCurly T_else T_openCurly BodyVar BodyState . T_closeCurly BodyState

    T_closeCurly  shift, and go to state 157


state 157

   30 BodyState: T_if T_openParen Expr T_closeParen T_openCurly BodyVar BodyState T_closeCurly T_else T_openCurly BodyVar BodyState T_closeCurly . BodyState

    T_deRef       shift, and go to state 42
    T_openCurly   shift, and go to state 43
    T_if          shift, and go to state 44
    T_while       shift, and go to state 45
    T_identifier  shift, and go to state 46

    $default  reduce using rule 33 (BodyState)

    BodyState  go to state 158
    Lhs        go to state 48


state 158

   30 BodyState: T_if T_openParen Expr T_closeParen T_openCurly BodyVar BodyState T_closeCurly T_else T_openCurly BodyVar BodyState T_closeCurly BodyState .

    $default  reduce using rule 30 (BodyState)
